<?xml version="1.0" encoding="UTF-8"?>
<!-- Generated by org.testng.reporters.JUnitXMLReporter -->
<testsuite ignored="0" hostname="DESKTOP-OA3ENQ8" failures="0" tests="4" name="Default test" time="3.335" errors="0" timestamp="2021-05-21T16:56:23 ICT">
  <testcase classname="main.TestApiUser" name="getKeyToken" time="1.976"/>
  <testcase classname="main.TestApiUser" name="createUser" time="0.325"/>
  <testcase classname="main.TestApiUser" name="updateUser" time="0.244"/>
  <testcase classname="main.TestApiUser" name="deleteUser" time="0.197"/>
</testsuite> <!-- Default test -->
